# JRE version: Java(TM) SE Runtime Environment (8.0_191-b12) (build 1.8.0_191-b12)
# Java VM: Java HotSpot(TM) 64-Bit Server VM (25.191-b12 mixed mode linux-amd64 compressed oops)
Heap:
 PSYoungGen      total 74752K, used 59239K [0x000000076cf00000, 0x0000000772200000, 0x00000007c0000000)
  eden space 64512K, 91% used [0x000000076cf00000,0x00000007708d9f38,0x0000000770e00000)
  from space 10240K, 0% used [0x0000000770e00000,0x0000000770e00000,0x0000000771800000)
  to   space 10240K, 0% used [0x0000000771800000,0x0000000771800000,0x0000000772200000)
 ParOldGen       total 122880K, used 13399K [0x00000006c6c00000, 0x00000006ce400000, 0x000000076cf00000)
  object space 122880K, 10% used [0x00000006c6c00000,0x00000006c7915fb0,0x00000006ce400000)
 Metaspace       used 28836K, capacity 29320K, committed 29568K, reserved 1075200K
  class space    used 3524K, capacity 3668K, committed 3712K, reserved 1048576K
GC Heap History (4 events):
Event: 1.952 GC heap before
{Heap before GC invocations=1 (full 0):
 PSYoungGen      total 74752K, used 55574K [0x000000076cf00000, 0x0000000772200000, 0x00000007c0000000)
  eden space 64512K, 86% used [0x000000076cf00000,0x0000000770545b40,0x0000000770e00000)
  from space 10240K, 0% used [0x0000000771800000,0x0000000771800000,0x0000000772200000)
  to   space 10240K, 0% used [0x0000000770e00000,0x0000000770e00000,0x0000000771800000)
 ParOldGen       total 171008K, used 0K [0x00000006c6c00000, 0x00000006d1300000, 0x000000076cf00000)
  object space 171008K, 0% used [0x00000006c6c00000,0x00000006c6c00000,0x00000006d1300000)
 Metaspace       used 20800K, capacity 21056K, committed 21296K, reserved 1069056K
  class space    used 2553K, capacity 2650K, committed 2688K, reserved 1048576K
Event: 1.959 GC heap after
Heap after GC invocations=1 (full 0):
 PSYoungGen      total 74752K, used 10225K [0x000000076cf00000, 0x0000000772200000, 0x00000007c0000000)
  eden space 64512K, 0% used [0x000000076cf00000,0x000000076cf00000,0x0000000770e00000)
  from space 10240K, 99% used [0x0000000770e00000,0x00000007717fc418,0x0000000771800000)
  to   space 10240K, 0% used [0x0000000771800000,0x0000000771800000,0x0000000772200000)
 ParOldGen       total 171008K, used 3880K [0x00000006c6c00000, 0x00000006d1300000, 0x000000076cf00000)
  object space 171008K, 2% used [0x00000006c6c00000,0x00000006c6fca178,0x00000006d1300000)
 Metaspace       used 20800K, capacity 21056K, committed 21296K, reserved 1069056K
  class space    used 2553K, capacity 2650K, committed 2688K, reserved 1048576K
}
Event: 1.959 GC heap before
{Heap before GC invocations=2 (full 1):
 PSYoungGen      total 74752K, used 10225K [0x000000076cf00000, 0x0000000772200000, 0x00000007c0000000)
  eden space 64512K, 0% used [0x000000076cf00000,0x000000076cf00000,0x0000000770e00000)
  from space 10240K, 99% used [0x0000000770e00000,0x00000007717fc418,0x0000000771800000)
  to   space 10240K, 0% used [0x0000000771800000,0x0000000771800000,0x0000000772200000)
 ParOldGen       total 171008K, used 3880K [0x00000006c6c00000, 0x00000006d1300000, 0x000000076cf00000)
  object space 171008K, 2% used [0x00000006c6c00000,0x00000006c6fca178,0x00000006d1300000)
 Metaspace       used 20800K, capacity 21056K, committed 21296K, reserved 1069056K
  class space    used 2553K, capacity 2650K, committed 2688K, reserved 1048576K
Event: 1.972 GC heap after
Heap after GC invocations=2 (full 1):
 PSYoungGen      total 74752K, used 0K [0x000000076cf00000, 0x0000000772200000, 0x00000007c0000000)
  eden space 64512K, 0% used [0x000000076cf00000,0x000000076cf00000,0x0000000770e00000)
  from space 10240K, 0% used [0x0000000770e00000,0x0000000770e00000,0x0000000771800000)
  to   space 10240K, 0% used [0x0000000771800000,0x0000000771800000,0x0000000772200000)
 ParOldGen       total 122880K, used 13399K [0x00000006c6c00000, 0x00000006ce400000, 0x000000076cf00000)
  object space 122880K, 10% used [0x00000006c6c00000,0x00000006c7915fb0,0x00000006ce400000)
 Metaspace       used 20800K, capacity 21056K, committed 21296K, reserved 1069056K
  class space    used 2553K, capacity 2650K, committed 2688K, reserved 1048576K
}

